python : .F..
所在位置 行:1 字符: 1
+ python tests/test
_ccapo_v3.py > test
_result_debug.txt 2
>&1
+ ~~~~~~~~~~~~~~~~~
~~~~~~~~~~~~~~~~~~~
~~~~~~~~~~~~~~~~~~~
~~~
    + CategoryInfo 
             : No  
  tSpecified: (.   
 F..:String) []    
, RemoteExcept    i
on
    + FullyQualifi 
   edErrorId : Na  
  tiveCommandErr   
 or
 
===================
===================
===================
=============
FAIL: test_manager_
unified_routing (__
main__.TestCCAPOv3)
-------------------
-------------------
-------------------
-------------
Traceback (most rec
ent call last):
  File "tests/test_
ccapo_v3.py", line 
114, in test_manage
r_unified_routing
    self.assertAlmo
stEqual(res["reward
s"][-1], 1.0 * m_ef
f, delta=0.1)
AssertionError: 1.6
362024159277841 != 
0.9695359714832658 
within 0.1 delta (0
.6666664444445184 d
ifference)

-------------------
-------------------
-------------------
-------------
Ran 4 tests in 0.00
3s

FAILED (failures=1)
DEBUG MANAGER: i=0, base=0.9695359714832658, micro=0.0, step=0.9695359714832658, outcome=True
DEBUG MANAGER: i=1, base=0.9695359714832658, micro=0.49999987500003135, step=1.469535846483297, outcome=True
DEBUG MANAGER: i=2, base=0.9695359714832658, micro=0.6666664444445185, step=1.6362024159277841, outcome=True
DEBUG MANAGER: rewards_aligned=[0.9695359714832658, 1.469535846483297, 1.6362024159277841]
DEBUG: res['rewards']=[0.9695359714832658, 1.469535846483297, 1.6362024159277841]
DEBUG: m_eff=0.9695359714832658
DEBUG MANAGER: i=0, base=-1.0, micro=0.0, step=-1.0, outcome=False
DEBUG MANAGER: i=1, base=-1.0, micro=0.9, step=-0.09999999999999998, outcome=False
DEBUG MANAGER: i=2, base=-1.0, micro=0.9, step=-0.09999999999999998, outcome=False
DEBUG MANAGER: rewards_aligned=[-1.0, -0.09999999999999998, -0.09999999999999998]
DEBUG MANAGER: i=0, base=-1.0, micro=0.0, step=-1.0, outcome=False
DEBUG MANAGER: i=1, base=-1.0, micro=1.5, step=0.0, outcome=False
DEBUG MANAGER: i=2, base=-1.0, micro=1.5, step=0.0, outcome=False
DEBUG MANAGER: rewards_aligned=[-1.0, 0.0, 0.0]
